{"total": {"lines":{"total":190,"covered":167,"skipped":0,"pct":87.89},"statements":{"total":197,"covered":170,"skipped":0,"pct":86.29},"functions":{"total":30,"covered":23,"skipped":0,"pct":76.66},"branches":{"total":79,"covered":52,"skipped":0,"pct":65.82},"branchesTrue":{"total":0,"covered":0,"skipped":0,"pct":100}}
,"C:\\xampp\\htdocs\\_MVP_Video_TecnicoCursos_v7\\estudio_ia_videos\\app\\lib\\pptx-processor.ts": {"lines":{"total":45,"covered":40,"skipped":0,"pct":88.88},"functions":{"total":4,"covered":4,"skipped":0,"pct":100},"statements":{"total":48,"covered":43,"skipped":0,"pct":89.58},"branches":{"total":24,"covered":19,"skipped":0,"pct":79.16}}
,"C:\\xampp\\htdocs\\_MVP_Video_TecnicoCursos_v7\\estudio_ia_videos\\app\\lib\\pptx\\pptx-parser.ts": {"lines":{"total":73,"covered":65,"skipped":0,"pct":89.04},"functions":{"total":8,"covered":8,"skipped":0,"pct":100},"statements":{"total":77,"covered":65,"skipped":0,"pct":84.41},"branches":{"total":44,"covered":24,"skipped":0,"pct":54.54}}
,"C:\\xampp\\htdocs\\_MVP_Video_TecnicoCursos_v7\\estudio_ia_videos\\app\\lib\\pptx\\parsers\\image-parser.ts": {"lines":{"total":7,"covered":5,"skipped":0,"pct":71.42},"functions":{"total":2,"covered":2,"skipped":0,"pct":100},"statements":{"total":7,"covered":5,"skipped":0,"pct":71.42},"branches":{"total":1,"covered":0,"skipped":0,"pct":0}}
,"C:\\xampp\\htdocs\\_MVP_Video_TecnicoCursos_v7\\estudio_ia_videos\\app\\lib\\pptx\\parsers\\layout-parser.ts": {"lines":{"total":12,"covered":8,"skipped":0,"pct":66.66},"functions":{"total":6,"covered":2,"skipped":0,"pct":33.33},"statements":{"total":12,"covered":8,"skipped":0,"pct":66.66},"branches":{"total":1,"covered":1,"skipped":0,"pct":100}}
,"C:\\xampp\\htdocs\\_MVP_Video_TecnicoCursos_v7\\estudio_ia_videos\\app\\lib\\pptx\\parsers\\text-parser.ts": {"lines":{"total":11,"covered":8,"skipped":0,"pct":72.72},"functions":{"total":5,"covered":2,"skipped":0,"pct":40},"statements":{"total":11,"covered":8,"skipped":0,"pct":72.72},"branches":{"total":1,"covered":1,"skipped":0,"pct":100}}
,"C:\\xampp\\htdocs\\_MVP_Video_TecnicoCursos_v7\\estudio_ia_videos\\app\\tests\\test-helpers.ts": {"lines":{"total":42,"covered":41,"skipped":0,"pct":97.61},"functions":{"total":5,"covered":5,"skipped":0,"pct":100},"statements":{"total":42,"covered":41,"skipped":0,"pct":97.61},"branches":{"total":8,"covered":7,"skipped":0,"pct":87.5}}
}
