{"total": {"lines":{"total":176,"covered":160,"skipped":0,"pct":90.9},"statements":{"total":183,"covered":163,"skipped":0,"pct":89.07},"functions":{"total":21,"covered":21,"skipped":0,"pct":100},"branches":{"total":109,"covered":73,"skipped":0,"pct":66.97},"branchesTrue":{"total":0,"covered":0,"skipped":0,"pct":100}}
,"C:\\xampp\\htdocs\\_MVP_Video_TecnicoCursos_v7\\estudio_ia_videos\\app\\lib\\pptx-processor.ts": {"lines":{"total":45,"covered":40,"skipped":0,"pct":88.88},"functions":{"total":4,"covered":4,"skipped":0,"pct":100},"statements":{"total":48,"covered":43,"skipped":0,"pct":89.58},"branches":{"total":29,"covered":24,"skipped":0,"pct":82.75}}
,"C:\\xampp\\htdocs\\_MVP_Video_TecnicoCursos_v7\\estudio_ia_videos\\app\\lib\\pptx\\pptx-parser.ts": {"lines":{"total":73,"covered":65,"skipped":0,"pct":89.04},"functions":{"total":8,"covered":8,"skipped":0,"pct":100},"statements":{"total":77,"covered":65,"skipped":0,"pct":84.41},"branches":{"total":59,"covered":36,"skipped":0,"pct":61.01}}
,"C:\\xampp\\htdocs\\_MVP_Video_TecnicoCursos_v7\\estudio_ia_videos\\app\\lib\\pptx\\parsers\\image-parser.ts": {"lines":{"total":7,"covered":5,"skipped":0,"pct":71.42},"functions":{"total":2,"covered":2,"skipped":0,"pct":100},"statements":{"total":7,"covered":5,"skipped":0,"pct":71.42},"branches":{"total":1,"covered":0,"skipped":0,"pct":0}}
,"C:\\xampp\\htdocs\\_MVP_Video_TecnicoCursos_v7\\estudio_ia_videos\\app\\lib\\pptx\\parsers\\layout-parser.ts": {"lines":{"total":5,"covered":5,"skipped":0,"pct":100},"functions":{"total":1,"covered":1,"skipped":0,"pct":100},"statements":{"total":5,"covered":5,"skipped":0,"pct":100},"branches":{"total":2,"covered":2,"skipped":0,"pct":100}}
,"C:\\xampp\\htdocs\\_MVP_Video_TecnicoCursos_v7\\estudio_ia_videos\\app\\lib\\pptx\\parsers\\text-parser.ts": {"lines":{"total":4,"covered":4,"skipped":0,"pct":100},"functions":{"total":1,"covered":1,"skipped":0,"pct":100},"statements":{"total":4,"covered":4,"skipped":0,"pct":100},"branches":{"total":2,"covered":2,"skipped":0,"pct":100}}
,"C:\\xampp\\htdocs\\_MVP_Video_TecnicoCursos_v7\\estudio_ia_videos\\app\\tests\\test-helpers.ts": {"lines":{"total":42,"covered":41,"skipped":0,"pct":97.61},"functions":{"total":5,"covered":5,"skipped":0,"pct":100},"statements":{"total":42,"covered":41,"skipped":0,"pct":97.61},"branches":{"total":16,"covered":9,"skipped":0,"pct":56.25}}
}
