TN:
SF:estudio_ia_videos\app\lib\pptx-processor.ts
FN:44,(anonymous_0)
FN:83,(anonymous_1)
FN:102,(anonymous_2)
FN:141,validatePPTXFile
FNF:4
FNH:4
FNDA:20,(anonymous_0)
FNDA:41,(anonymous_1)
FNDA:41,(anonymous_2)
FNDA:29,validatePPTXFile
DA:1,3
DA:2,3
DA:5,3
DA:8,3
DA:23,3
DA:33,3
DA:44,3
DA:50,20
DA:52,20
DA:53,20
DA:54,2
DA:63,18
DA:64,18
DA:67,18
DA:68,18
DA:69,18
DA:70,18
DA:72,18
DA:80,18
DA:81,18
DA:83,41
DA:94,18
DA:102,41
DA:104,18
DA:107,18
DA:116,18
DA:117,18
DA:118,0
DA:127,18
DA:130,0
DA:131,0
DA:141,3
DA:142,29
DA:143,4
DA:146,25
DA:147,1
DA:150,24
DA:151,24
DA:152,24
DA:153,24
DA:154,24
DA:155,3
DA:157,21
DA:159,0
DA:160,0
LF:45
LH:40
BRDA:47,0,0,17
BRDA:53,1,0,2
BRDA:80,2,0,18
BRDA:80,2,1,16
BRDA:81,3,0,18
BRDA:81,3,1,17
BRDA:86,4,0,41
BRDA:86,4,1,0
BRDA:87,5,0,41
BRDA:87,5,1,0
BRDA:88,6,0,41
BRDA:88,6,1,41
BRDA:89,7,0,41
BRDA:89,7,1,41
BRDA:90,8,0,41
BRDA:90,8,1,41
BRDA:117,9,0,0
BRDA:130,10,0,0
BRDA:130,10,1,0
BRDA:142,11,0,4
BRDA:142,12,0,29
BRDA:142,12,1,29
BRDA:146,13,0,1
BRDA:154,14,0,3
BRF:24
BRH:19
end_of_record
TN:
SF:estudio_ia_videos\app\lib\pptx\pptx-parser.ts
FN:16,(anonymous_1)
FN:28,(anonymous_2)
FN:41,(anonymous_3)
FN:99,(anonymous_4)
FN:135,(anonymous_5)
FN:139,(anonymous_6)
FN:146,(anonymous_7)
FN:147,(anonymous_8)
FNF:8
FNH:8
FNDA:18,(anonymous_1)
FNDA:24,(anonymous_2)
FNDA:18,(anonymous_3)
FNDA:41,(anonymous_4)
FNDA:493,(anonymous_5)
FNDA:194,(anonymous_6)
FNDA:41,(anonymous_7)
FNDA:123,(anonymous_8)
DA:1,3
DA:2,3
DA:5,3
DA:13,3
DA:17,18
DA:29,24
DA:30,24
DA:31,21
DA:32,21
DA:33,0
DA:35,21
DA:37,3
DA:42,18
DA:44,18
DA:45,18
DA:46,18
DA:47,18
DA:48,17
DA:49,17
DA:50,17
DA:51,17
DA:52,17
DA:56,18
DA:57,18
DA:58,0
DA:60,18
DA:61,18
DA:63,18
DA:65,18
DA:66,18
DA:68,18
DA:69,18
DA:70,17
DA:71,41
DA:72,41
DA:73,41
DA:75,41
DA:76,41
DA:77,41
DA:78,41
DA:79,41
DA:89,18
DA:100,41
DA:101,41
DA:102,0
DA:105,41
DA:106,41
DA:107,0
DA:110,41
DA:111,41
DA:112,41
DA:113,41
DA:114,41
DA:116,41
DA:117,41
DA:118,94
DA:119,94
DA:120,94
DA:121,94
DA:122,94
DA:123,94
DA:124,94
DA:125,0
DA:126,0
DA:132,41
DA:136,493
DA:140,194
DA:141,0
DA:143,194
DA:147,41
DA:148,123
DA:149,0
DA:151,123
LF:73
LH:65
BRDA:32,0,0,0
BRDA:32,1,0,21
BRDA:32,1,1,21
BRDA:47,2,0,17
BRDA:50,3,0,17
BRDA:51,4,0,17
BRDA:51,4,1,0
BRDA:52,5,0,17
BRDA:52,5,1,0
BRDA:57,6,0,0
BRDA:63,7,0,18
BRDA:63,7,1,12
BRDA:65,8,0,18
BRDA:65,8,1,1
BRDA:65,9,0,17
BRDA:65,9,1,1
BRDA:65,10,0,17
BRDA:65,10,1,0
BRDA:69,11,0,17
BRDA:75,12,0,41
BRDA:80,13,0,41
BRDA:80,13,1,0
BRDA:101,14,0,0
BRDA:106,15,0,0
BRDA:112,16,0,0
BRDA:113,17,0,41
BRDA:113,17,1,0
BRDA:114,18,0,0
BRDA:118,19,0,0
BRDA:121,20,0,0
BRDA:123,21,0,94
BRDA:123,21,1,0
BRDA:123,22,0,94
BRDA:123,22,1,0
BRDA:125,23,0,0
BRDA:125,24,0,0
BRDA:125,24,1,0
BRDA:136,25,0,493
BRDA:136,25,1,492
BRDA:136,25,2,492
BRDA:140,26,0,0
BRDA:143,27,0,48
BRDA:143,27,1,146
BRDA:148,28,0,0
BRF:44
BRH:24
end_of_record
TN:
SF:estudio_ia_videos\app\lib\pptx\parsers\image-parser.ts
FN:17,(anonymous_0)
FN:29,(anonymous_1)
FNF:2
FNH:2
FNDA:1,(anonymous_0)
FNDA:1,(anonymous_1)
DA:16,1
DA:22,1
DA:30,1
DA:31,1
DA:32,1
DA:43,0
DA:44,0
LF:7
LH:5
BRDA:20,0,0,0
BRF:1
BRH:0
end_of_record
TN:
SF:estudio_ia_videos\app\lib\pptx\parsers\layout-parser.ts
FN:35,(anonymous_0)
FN:50,(anonymous_1)
FN:54,(anonymous_2)
FN:58,(anonymous_3)
FN:62,(anonymous_4)
FN:67,detectSlideLayout
FNF:6
FNH:2
FNDA:8,(anonymous_0)
FNDA:0,(anonymous_1)
FNDA:0,(anonymous_2)
FNDA:0,(anonymous_3)
FNDA:0,(anonymous_4)
FNDA:8,detectSlideLayout
DA:34,1
DA:36,8
DA:38,8
DA:39,1
DA:42,7
DA:51,0
DA:55,0
DA:59,0
DA:63,0
DA:67,1
DA:71,8
DA:72,8
LF:12
LH:8
BRDA:38,0,0,1
BRF:1
BRH:1
end_of_record
TN:
SF:estudio_ia_videos\app\lib\pptx\parsers\text-parser.ts
FN:46,(anonymous_0)
FN:62,(anonymous_1)
FN:66,(anonymous_2)
FN:70,(anonymous_3)
FN:75,extractTextFromSlide
FNF:5
FNH:2
FNDA:9,(anonymous_0)
FNDA:0,(anonymous_1)
FNDA:0,(anonymous_2)
FNDA:0,(anonymous_3)
FNDA:9,extractTextFromSlide
DA:45,1
DA:47,9
DA:48,1
DA:51,8
DA:52,8
DA:63,0
DA:67,0
DA:71,0
DA:75,1
DA:79,9
DA:80,9
LF:11
LH:8
BRDA:47,0,0,1
BRF:1
BRH:1
end_of_record
TN:
SF:estudio_ia_videos\app\tests\test-helpers.ts
FN:6,createTestPPTX
FN:35,cleanupTestFiles
FN:37,(anonymous_12)
FN:50,createFileObject
FN:60,createEmptyPPTX
FNF:5
FNH:5
FNDA:4,createTestPPTX
FNDA:3,cleanupTestFiles
FNDA:3,(anonymous_12)
FNDA:22,createFileObject
FNDA:1,createEmptyPPTX
DA:1,3
DA:2,3
DA:3,3
DA:6,3
DA:7,4
DA:10,4
DA:11,4
DA:13,4
DA:14,4
DA:15,4
DA:16,4
DA:18,4
DA:19,4
DA:20,4
DA:21,4
DA:25,4
DA:26,4
DA:27,4
DA:30,4
DA:31,4
DA:35,3
DA:36,3
DA:37,3
DA:38,3
DA:39,3
DA:43,3
DA:44,3
DA:45,0
DA:50,3
DA:51,22
DA:53,4
DA:55,18
DA:57,18
DA:60,3
DA:61,1
DA:62,1
DA:63,1
DA:64,1
DA:65,1
DA:66,1
DA:69,1
DA:70,1
LF:42
LH:41
BRDA:14,0,0,4
BRDA:19,1,0,4
BRDA:26,2,0,4
BRDA:36,3,0,3
BRDA:38,4,0,3
BRDA:44,5,0,0
BRDA:51,6,0,4
BRDA:65,7,0,1
BRF:8
BRH:7
end_of_record
